<?xml version="1.0" encoding="UTF-8"?>
<!-- Generated by org.testng.reporters.JUnitXMLReporter -->
<testsuite hostname="1-LAMBUI-W" ignored="0" name="Group Test" tests="2" failures="1" timestamp="21 May 2022 03:14:30 GMT" time="20.567" errors="0">
  <testcase name="verifySearchL1" time="4.14" classname="testcase_uat.TC_SearchGt">
    <failure type="java.lang.AssertionError" message="expected [01117700011] but found [null]">
      <![CDATA[java.lang.AssertionError: expected [01117700011] but found [null]
at testcase_uat.TC_SearchGt.verifySearchL1(TC_SearchGt.java:48)
... Removed 35 stack frames]]>
    </failure>
  </testcase> <!-- verifySearchL1 -->
  <testcase name="verifySearchL0" time="3.298" classname="testcase_uat.TC_SearchGt"/>
</testsuite> <!-- Group Test -->
