-------------------------------------------------------------------------------
Test set: TestSuite
-------------------------------------------------------------------------------
Tests run: 5, Failures: 1, Errors: 0, Skipped: 0, Time elapsed: 70.733 s <<< FAILURE! - in TestSuite
testcase_uat.TC_SearchGt.verifySearchL0[0111770004](1)  Time elapsed: 2.336 s  <<< FAILURE!
java.lang.AssertionError: expected [0111770004] but found [null]
	at testcase_uat.TC_SearchGt.verifySearchL0(TC_SearchGt.java:65)

