<?xml version="1.0" encoding="UTF-8"?>
<testsuite xmlns:xsi="http://www.w3.org/2001/XMLSchema-instance" xsi:noNamespaceSchemaLocation="https://maven.apache.org/surefire/maven-surefire-plugin/xsd/surefire-test-report-3.0.xsd" version="3.0" name="TestSuite" time="70.733" tests="5" errors="0" skipped="0" failures="1">
  <properties>
[...]
</properties>
  <testcase name="verifyLogin" classname="testcase_uat.TC_Login" time="31.735">
    <system-out><![CDATA[[TestNGContentHandler] [WARN] It is strongly recommended to add "<!DOCTYPE suite SYSTEM "http://testng.org/testng-1.0.dtd" >" at the top of your file, otherwise TestNG may fail or not work as expected.
App open
Auto SA btl61
]]></system-out>
    <system-err><![CDATA[May 20, 2022 11:29:55 AM io.appium.java_client.remote.AppiumCommandExecutor$1 lambda$0
INFO: Detected dialect: W3C
]]></system-err>
  </testcase>
  <testcase name="verifyAllTab" classname="testcase_uat.TC_ListGt" time="2.929">
    <system-out><![CDATA[App open
X. Lại Thượng
]]></system-out>
    <system-err><![CDATA[May 20, 2022 11:30:28 AM io.appium.java_client.remote.AppiumCommandExecutor$1 lambda$0
INFO: Detected dialect: W3C
]]></system-err>
  </testcase>
  <testcase name="verifySupportTab" classname="testcase_uat.TC_ListGt" time="1.171">
    <system-out><![CDATA[X. Dị Nậu
]]></system-out>
  </testcase>
  <testcase name="verifySearchL1[0111770001](1)" classname="testcase_uat.TC_SearchGt" time="4.059">
    <system-out><![CDATA[App open
0111770001
]]></system-out>
    <system-err><![CDATA[May 20, 2022 11:30:45 AM io.appium.java_client.remote.AppiumCommandExecutor$1 lambda$0
INFO: Detected dialect: W3C
]]></system-err>
  </testcase>
  <testcase name="verifySearchL0[0111770004](1)" classname="testcase_uat.TC_SearchGt" time="2.336">
    <failure message="expected [0111770004] but found [null]" type="java.lang.AssertionError"><![CDATA[java.lang.AssertionError: expected [0111770004] but found [null]
	at testcase_uat.TC_SearchGt.verifySearchL0(TC_SearchGt.java:65)
]]></failure>
    <system-out><![CDATA[Error happend with err: No such Element
null
]]></system-out>
  </testcase>
</testsuite>