<?xml version="1.0" encoding="UTF-8"?>
<testng-results skipped="0" failed="0" ignored="0" total="2" passed="2">
  <reporter-output>
  </reporter-output>
  <suite name="Time test Suite" duration-ms="36334" started-at="2022-06-03T03:29:23Z" finished-at="2022-06-03T03:29:59Z">
    <groups>
    </groups>
    <test name="Group Test" duration-ms="36334" started-at="2022-06-03T03:29:23Z" finished-at="2022-06-03T03:29:59Z">
      <class name="testcase_uat.TC_CheckInCheckOutHome">
        <test-method status="PASS" signature="navigateHomePage()[pri:0, instance:testcase_uat.TC_CheckInCheckOutHome@cc285f4]" name="navigateHomePage" is-config="true" duration-ms="11363" started-at="2022-06-03T03:29:23Z" finished-at="2022-06-03T03:29:34Z">
          <reporter-output>
          </reporter-output>
        </test-method> <!-- navigateHomePage -->
        <test-method status="PASS" signature="verifyCheckInCheckOutNearBy()[pri:1, instance:testcase_uat.TC_CheckInCheckOutHome@cc285f4]" name="verifyCheckInCheckOutNearBy" duration-ms="17951" started-at="2022-06-03T03:29:34Z" finished-at="2022-06-03T03:29:52Z">
          <reporter-output>
          </reporter-output>
        </test-method> <!-- verifyCheckInCheckOutNearBy -->
        <test-method status="PASS" signature="verifyCheckInCheckOutSearch()[pri:2, instance:testcase_uat.TC_CheckInCheckOutHome@cc285f4]" name="verifyCheckInCheckOutSearch" duration-ms="6995" started-at="2022-06-03T03:29:52Z" finished-at="2022-06-03T03:29:59Z">
          <reporter-output>
          </reporter-output>
        </test-method> <!-- verifyCheckInCheckOutSearch -->
      </class> <!-- testcase_uat.TC_CheckInCheckOutHome -->
    </test> <!-- Group Test -->
  </suite> <!-- Time test Suite -->
</testng-results>
